launcher/build/outputs/logs/manifest-merger-debug-report.txt
-- Merging decision tree log ---
manifest
ADDED from src\main\AndroidManifest.xml:1:1-85:12
	package
		ADDED from src\main\AndroidManifest.xml:3:5-44
		INJECTED from src\main\AndroidManifest.xml
		INJECTED from src\main\AndroidManifest.xml
	android:versionName
		INJECTED from src\main\AndroidManifest.xml
		INJECTED from src\main\AndroidManifest.xml
	xmlns:tools
		ADDED from src\main\AndroidManifest.xml:2:5-51
	xmlns:android
		ADDED from src\main\AndroidManifest.xml:1:11-69
	android:versionCode
		INJECTED from src\main\AndroidManifest.xml
		INJECTED from src\main\AndroidManifest.xml
uses-permission#android.permission.INTERNET
ADDED from src\main\AndroidManifest.xml:5:5-67
	android:name
		ADDED from src\main\AndroidManifest.xml:5:22-64
uses-permission#android.permission.REcom.longjingtech.launcherCORD_AUDIO
ADDED from src\main\AndroidManifest.xml:6:5-96
	android:name
		ADDED from src\main\AndroidManifest.xml:6:22-93
uses-permission#android.permission.GET_PACKAGE_SIZE
ADDED from src\main\AndroidManifest.xml:7:5-74
	android:name
		ADDED from src\main\AndroidManifest.xml:7:22-72
uses-permission#android.permission.VIBRATE
ADDED from src\main\AndroidManifest.xml:10:5-66
	android:name
		ADDED from src\main\AndroidManifest.xml:10:22-63
uses-permission#android.permission.WRITE_SETTINGS
ADDED from src\main\AndroidManifest.xml:13:5-73
	android:name
		ADDED from src\main\AndroidManifest.xml:13:22-70
uses-permission#android.permission.READ_PHONE_STATE
ADDED from src\main\AndroidManifest.xml:16:5-95
	tools:node
		ADDED from src\main\AndroidManifest.xml:16:73-92
	android:name
		ADDED from src\main\AndroidManifest.xml:16:22-72
uses-permission#android.permission.WRITE_EXTERNAL_STORAGE
ADDED from src\main\AndroidManifest.xml:19:5-81
	android:name
		ADDED from src\main\AndroidManifest.xml:19:22-78
uses-permission#android.permission.RECEIVE_BOOT_COMPLETED
ADDED from src\main\AndroidManifest.xml:22:5-81
	android:name
		ADDED from src\main\AndroidManifest.xml:22:22-78
uses-permission#android.permission.ACCESS_NETWORK_STATE
ADDED from src\main\AndroidManifest.xml:25:5-79
	android:name
		ADDED from src\main\AndroidManifest.xml:25:22-76
uses-permission#android.permission.WAKE_LOCK
ADDED from src\main\AndroidManifest.xml:26:5-68
	android:name
		ADDED from src\main\AndroidManifest.xml:26:22-65
uses-permission#android.permission.MODIFY_AUDIO_SETTINGS
ADDED from src\main\AndroidManifest.xml:27:5-80
	android:name
		ADDED from src\main\AndroidManifest.xml:27:22-77
uses-permission#android.permission.BLUETOOTH
ADDED from src\main\AndroidManifest.xml:28:5-67
	android:name
		ADDED from src\main\AndroidManifest.xml:28:22-65
uses-permission#android.permission.SYSTEM_ALERT_WINDOW
ADDED from src\main\AndroidManifest.xml:30:5-77
	android:name
		ADDED from src\main\AndroidManifest.xml:30:22-75
uses-feature#android.software.leanback
ADDED from src\main\AndroidManifest.xml:32:5-33:36
	android:required
		ADDED from src\main\AndroidManifest.xml:33:9-33
	android:name
		ADDED from src\main\AndroidManifest.xml:32:19-59
uses-feature#android.hardware.microphone
ADDED from src\main\AndroidManifest.xml:35:5-36:35
	android:required
		ADDED from src\main\AndroidManifest.xml:36:9-33
	android:name
		ADDED from src\main\AndroidManifest.xml:35:19-61
uses-feature#android.hardware.bluetooth
ADDED from src\main\AndroidManifest.xml:38:5-39:36
	android:required
		ADDED from src\main\AndroidManifest.xml:39:9-33
	android:name
		ADDED from src\main\AndroidManifest.xml:38:19-60
uses-permission#android.permission.READ_EXTERNAL_STORAGE
ADDED from src\main\AndroidManifest.xml:41:5-80
	android:name
		ADDED from src\main\AndroidManifest.xml:41:22-77
uses-permission#com.android.launcher.permission.READ_SETTINGS
ADDED from src\main\AndroidManifest.xml:42:5-85
	android:name
		ADDED from src\main\AndroidManifest.xml:42:22-82
uses-permission#android.permission.CHANGE_WIFI_STATE
ADDED from src\main\AndroidManifest.xml:43:5-76
	android:name
		ADDED from src\main\AndroidManifest.xml:43:22-73
uses-permission#android.permission.ACCESS_WIFI_STATE
ADDED from src\main\AndroidManifest.xml:44:5-76
	android:name
		ADDED from src\main\AndroidManifest.xml:44:22-73
uses-permission#android.permission.GET_TASKS
ADDED from src\main\AndroidManifest.xml:45:5-68
	android:name
		ADDED from src\main\AndroidManifest.xml:45:22-65
uses-permission#android.permission.MANAGE_ACCOUNTS
ADDED from src\main\AndroidManifest.xml:47:5-74
	android:name
		ADDED from src\main\AndroidManifest.xml:47:22-71
uses-permission#android.permission.GET_ACCOUNTS
ADDED from src\main\AndroidManifest.xml:48:5-71
	android:name
		ADDED from src\main\AndroidManifest.xml:48:22-68
uses-permission#android.permission.READ_LOGS
ADDED from src\main\AndroidManifest.xml:49:5-68
	android:name
		ADDED from src\main\AndroidManifest.xml:49:22-65
uses-permission#android.permission.ACCESS_FINE_LOCATION
ADDED from src\main\AndroidManifest.xml:50:5-79
	android:name
		ADDED from src\main\AndroidManifest.xml:50:22-76
uses-permission#android.permission.ACCESS_COARSE_LOCATION
ADDED from src\main\AndroidManifest.xml:51:5-81
	android:name
		ADDED from src\main\AndroidManifest.xml:51:22-78
uses-permission#android.permission.SET_DEBUG_APP
ADDED from src\main\AndroidManifest.xml:52:5-72
	android:name
		ADDED from src\main\AndroidManifest.xml:52:22-69
uses-permission#android.permission.USE_CREDENTIALS
ADDED from src\main\AndroidManifest.xml:53:5-74
	android:name
		ADDED from src\main\AndroidManifest.xml:53:22-71
uses-feature#android.hardware.touchscreen
ADDED from src\main\AndroidManifest.xml:60:5-62:36
	android:required
		ADDED from src\main\AndroidManifest.xml:62:9-33
	android:name
		ADDED from src\main\AndroidManifest.xml:61:9-52
application
ADDED from src\main\AndroidManifest.xml:63:5-83:19
MERGED from [com.android.support:support-v4:23.4.0] AndroidManifest.xml:22:5-20
MERGED from [com.android.support:leanback-v17:23.4.0] AndroidManifest.xml:22:5-20
MERGED from [com.android.support:support-v4:23.4.0] AndroidManifest.xml:22:5-20
MERGED from [com.android.support:support-v4:23.4.0] AndroidManifest.xml:22:5-20
MERGED from [OTTLauncher:androidtvwidget:unspecified] AndroidManifest.xml:11:5-15:19
MERGED from [com.android.support:appcompat-v7:23.1.1] AndroidManifest.xml:22:5-20
MERGED from [com.android.support:support-v4:23.4.0] AndroidManifest.xml:22:5-20
MERGED from [com.android.support:support-v4:23.4.0] AndroidManifest.xml:22:5-20
MERGED from [com.android.support:gridlayout-v7:23.1.1] AndroidManifest.xml:22:5-20
MERGED from [com.android.support:support-v4:23.4.0] AndroidManifest.xml:22:5-20
MERGED from [com.google.android.gms:play-services-appindexing:8.1.0] AndroidManifest.xml:19:5-20
MERGED from [com.google.android.gms:play-services-basement:8.1.0] AndroidManifest.xml:20:5-24:19
MERGED from [com.android.support:support-v4:23.4.0] AndroidManifest.xml:22:5-20
	android:supportsRtl
		ADDED from src\main\AndroidManifest.xml:66:9-35
	android:label
		ADDED from [OTTLauncher:androidtvwidget:unspecified] AndroidManifest.xml:13:9-41
	android:allowBackup
		ADDED from src\main\AndroidManifest.xml:64:9-35
	android:theme
		ADDED from src\main\AndroidManifest.xml:67:9-40
	android:name
		ADDED from src\main\AndroidManifest.xml:65:9-61
activity#com.xugaoxiang.launcher.activity.AppLauncherActivity
ADDED from src\main\AndroidManifest.xml:69:9-78:20
	android:launchMode
		ADDED from src\main\AndroidManifest.xml:70:13-44
	android:name
		ADDED from src\main\AndroidManifest.xml:69:19-86
intent-filter#android.intent.action.MAIN+android.intent.category.DEFAULT+android.intent.category.HOME+android.intent.category.LEANBACK_LAUNCHER
ADDED from src\main\AndroidManifest.xml:72:13-77:29
action#android.intent.action.MAIN
ADDED from src\main\AndroidManifest.xml:73:17-69
	android:name
		ADDED from src\main\AndroidManifest.xml:73:25-66
category#android.intent.category.LEANBACK_LAUNCHER
ADDED from src\main\AndroidManifest.xml:74:17-86
	android:name
		ADDED from src\main\AndroidManifest.xml:74:27-83
category#android.intent.category.DEFAULT
ADDED from src\main\AndroidManifest.xml:75:17-75
	android:name
		ADDED from src\main\AndroidManifest.xml:75:27-73
category#android.intent.category.HOME
ADDED from src\main\AndroidManifest.xml:76:17-72
	android:name
		ADDED from src\main\AndroidManifest.xml:76:27-70
activity#com.xugaoxiang.launcher.activity.LocalAppActivity
ADDED from src\main\AndroidManifest.xml:79:9-82:20
	android:launchMode
		ADDED from src\main\AndroidManifest.xml:80:13-44
	android:name
		ADDED from src\main\AndroidManifest.xml:79:19-83
uses-sdk
INJECTED from src\main\AndroidManifest.xml reason: use-sdk injection requested
MERGED from [com.android.support:recyclerview-v7:23.4.0] AndroidManifest.xml:20:5-43
MERGED from [com.android.support:support-v4:23.4.0] AndroidManifest.xml:20:5-43
MERGED from [com.android.support:leanback-v17:23.4.0] AndroidManifest.xml:20:5-44
MERGED from [com.android.support:recyclerview-v7:23.4.0] AndroidManifest.xml:20:5-43
MERGED from [com.android.support:support-v4:23.4.0] AndroidManifest.xml:20:5-43
MERGED from [com.android.support:support-v4:23.4.0] AndroidManifest.xml:20:5-43
MERGED from [OTTLauncher:androidtvwidget:unspecified] AndroidManifest.xml:7:5-9:41
MERGED from [com.android.support:appcompat-v7:23.1.1] AndroidManifest.xml:20:5-43
MERGED from [com.android.support:support-v4:23.4.0] AndroidManifest.xml:20:5-43
MERGED from [com.android.support:recyclerview-v7:23.4.0] AndroidManifest.xml:20:5-43
MERGED from [com.android.support:support-v4:23.4.0] AndroidManifest.xml:20:5-43
MERGED from [com.android.support:gridlayout-v7:23.1.1] AndroidManifest.xml:20:5-43
MERGED from [com.android.support:support-v4:23.4.0] AndroidManifest.xml:20:5-43
MERGED from [com.google.android.gms:play-services-appindexing:8.1.0] AndroidManifest.xml:18:5-42
MERGED from [com.google.android.gms:play-services-basement:8.1.0] AndroidManifest.xml:18:5-42
MERGED from [com.android.support:support-v4:23.4.0] AndroidManifest.xml:20:5-43
	android:targetSdkVersion
		INJECTED from src\main\AndroidManifest.xml
		INJECTED from src\main\AndroidManifest.xml
	android:minSdkVersion
		INJECTED from src\main\AndroidManifest.xml
		INJECTED from src\main\AndroidManifest.xml
meta-data#com.google.android.gms.version
ADDED from [com.google.android.gms:play-services-basement:8.1.0] AndroidManifest.xml:21:9-23:69
	android:value
		ADDED from [com.google.android.gms:play-services-basement:8.1.0] AndroidManifest.xml:23:13-66
	android:name
		ADDED from [com.google.android.gms:play-services-basement:8.1.0] AndroidManifest.xml:22:13-58